app/build/intermediates/manifest_merge_blame_file/debug/manifest-merger-blame-debug-report.txt
1<?xml version="1.0" encoding="utf-8"?>
2<manifest xmlns:android="http://schemas.android.com/apk/res/android"
3    package="com.appzoneinfo.vip"
4    android:versionCode="1"
5    android:versionName="1.0" >
6
7    <uses-sdk
8        android:minSdkVersion="21"
8-->src\main\AndroidManifest.xml
9        android:targetSdkVersion="33" />
9-->src\main\AndroidManifest.xml
10
11    <uses-permission android:name="android.permission.INTERNET" />
11-->src\main\AndroidManifest.xml:6:5-67
11-->src\main\AndroidManifest.xml:6:22-64
12    <uses-permission android:name="android.permission.ACCESS_NETWORK_STATE" />
12-->src\main\AndroidManifest.xml:7:5-79
12-->src\main\AndroidManifest.xml:7:22-76
13    <uses-permission android:name="android.permission.ACCESS_WIFI_STATE" />
13-->src\main\AndroidManifest.xml:8:5-76
13-->src\main\AndroidManifest.xml:8:22-73
14    <uses-permission android:name="android.permission.CHANGE_WIFI_STATE" />
14-->src\main\AndroidManifest.xml:9:5-76
14-->src\main\AndroidManifest.xml:9:22-73
15    <uses-permission android:name="com.google.android.gms.permission.AD_ID" />
15-->[:mylibrarys] AndroidManifest.xml:13:5-79
15-->[:mylibrarys] AndroidManifest.xml:13:22-76
16    <uses-permission android:name="android.permission.Ad_ID" />
16-->[:mylibrarys] AndroidManifest.xml:14:5-64
16-->[:mylibrarys] AndroidManifest.xml:14:22-61
17    <uses-permission android:name="android.permission.BLUETOOTH" />
17-->[:mylibrarys] AndroidManifest.xml:15:5-68
17-->[:mylibrarys] AndroidManifest.xml:15:22-65
18    <uses-permission android:name="android.permission.FOREGROUND_SERVICE" />
18-->[com.github.AnchorFreePartner.hydra-sdk-android:sdk-core:4.0.0] AndroidManifest.xml:13:5-77
18-->[com.github.AnchorFreePartner.hydra-sdk-android:sdk-core:4.0.0] AndroidManifest.xml:13:22-74
19    <uses-permission android:name="android.permission.ACCESS_FINE_LOCATION" />
19-->[com.github.AnchorFree.hydra-vpn-android:networking:d8dd1f8] AndroidManifest.xml:9:5-79
19-->[com.github.AnchorFree.hydra-vpn-android:networking:d8dd1f8] AndroidManifest.xml:9:22-76
20    <uses-permission android:name="android.permission.ACCESS_COARSE_LOCATION" />
20-->[com.github.AnchorFree.hydra-vpn-android:networking:d8dd1f8] AndroidManifest.xml:10:5-81
20-->[com.github.AnchorFree.hydra-vpn-android:networking:d8dd1f8] AndroidManifest.xml:10:22-78
21
22    <queries>
22-->[com.facebook.android:audience-network-sdk:6.11.0] AndroidManifest.xml:11:5-13:15
23        <package android:name="com.facebook.katana" />
23-->[com.facebook.android:audience-network-sdk:6.11.0] AndroidManifest.xml:12:9-55
23-->[com.facebook.android:audience-network-sdk:6.11.0] AndroidManifest.xml:12:18-52
24        <!-- For browser content -->
25        <intent>
25-->[com.google.android.gms:play-services-ads-lite:21.3.0] AndroidManifest.xml:31:9-37:18
26            <action android:name="android.intent.action.VIEW" />
26-->[com.google.android.gms:play-services-ads-lite:21.3.0] AndroidManifest.xml:32:13-65
26-->[com.google.android.gms:play-services-ads-lite:21.3.0] AndroidManifest.xml:32:21-62
27
28            <category android:name="android.intent.category.BROWSABLE" />
28-->[com.google.android.gms:play-services-ads-lite:21.3.0] AndroidManifest.xml:34:13-74
28-->[com.google.android.gms:play-services-ads-lite:21.3.0] AndroidManifest.xml:34:23-71
29
30            <data android:scheme="https" />
30-->[com.google.android.gms:play-services-ads-lite:21.3.0] AndroidManifest.xml:36:13-44
30-->[com.google.android.gms:play-services-ads-lite:21.3.0] AndroidManifest.xml:36:19-41
31        </intent> <!-- End of browser content -->
32        <!-- For CustomTabsService -->
33        <intent>
33-->[com.google.android.gms:play-services-ads-lite:21.3.0] AndroidManifest.xml:40:9-42:18
34            <action android:name="android.support.customtabs.action.CustomTabsService" />
34-->[com.google.android.gms:play-services-ads-lite:21.3.0] AndroidManifest.xml:41:13-90
34-->[com.google.android.gms:play-services-ads-lite:21.3.0] AndroidManifest.xml:41:21-87
35        </intent>
36        <intent>
36-->[com.applovin:applovin-sdk:11.8.2] AndroidManifest.xml:12:9-14:18
37            <action android:name="com.applovin.am.intent.action.APPHUB_SERVICE" />
37-->[com.applovin:applovin-sdk:11.8.2] AndroidManifest.xml:13:13-83
37-->[com.applovin:applovin-sdk:11.8.2] AndroidManifest.xml:13:21-80
38        </intent>
39    </queries>
40
41    <uses-permission android:name="android.permission.WAKE_LOCK" />
41-->[com.google.android.gms:play-services-measurement-sdk-api:20.1.2] AndroidManifest.xml:25:5-68
41-->[com.google.android.gms:play-services-measurement-sdk-api:20.1.2] AndroidManifest.xml:25:22-65
42    <uses-permission android:name="android.permission.RECEIVE_BOOT_COMPLETED" />
42-->[androidx.work:work-runtime:2.8.0-alpha02] AndroidManifest.xml:27:5-81
42-->[androidx.work:work-runtime:2.8.0-alpha02] AndroidManifest.xml:27:22-78
43    <uses-permission android:name="com.applovin.array.apphub.permission.BIND_APPHUB_SERVICE" />
43-->[com.applovin:applovin-sdk:11.8.2] AndroidManifest.xml:20:5-96
43-->[com.applovin:applovin-sdk:11.8.2] AndroidManifest.xml:20:22-93
44
45    <application
45-->src\main\AndroidManifest.xml:11:5-43:19
46        android:name="com.appzone.mylibrarys.MyHelpers"
46-->src\main\AndroidManifest.xml:12:9-56
47        android:allowBackup="true"
47-->src\main\AndroidManifest.xml:13:9-35
48        android:appComponentFactory="androidx.core.app.CoreComponentFactory"
48-->[androidx.core:core:1.7.0] AndroidManifest.xml:24:18-86
49        android:dataExtractionRules="@xml/data_extraction_rules"
49-->src\main\AndroidManifest.xml:14:9-65
50        android:debuggable="true"
51        android:fullBackupContent="@xml/backup_rules"
51-->src\main\AndroidManifest.xml:15:9-54
52        android:hardwareAccelerated="true"
52-->src\main\AndroidManifest.xml:16:9-43
53        android:icon="@mipmap/ic_launcher"
53-->src\main\AndroidManifest.xml:17:9-43
54        android:label="@string/app_name"
54-->src\main\AndroidManifest.xml:18:9-41
55        android:networkSecurityConfig="@xml/sdk_captive_portal_network_security"
55-->[com.github.AnchorFreePartner.hydra-sdk-android:sdk-core:4.0.0] AndroidManifest.xml:16:9-81
56        android:roundIcon="@mipmap/ic_launcher_round"
56-->src\main\AndroidManifest.xml:19:9-54
57        android:supportsRtl="true"
57-->src\main\AndroidManifest.xml:20:9-35
58        android:testOnly="true"
59        android:theme="@style/Theme.AdsProject"
59-->src\main\AndroidManifest.xml:21:9-48
60        android:usesCleartextTraffic="true" >
60-->src\main\AndroidManifest.xml:22:9-44
61        <activity
61-->src\main\AndroidManifest.xml:25:9-27:40
62            android:name="com.appzoneinfo.vip.TestingActivity"
62-->src\main\AndroidManifest.xml:26:13-63
63            android:exported="false" />
63-->src\main\AndroidManifest.xml:27:13-37
64        <activity
64-->src\main\AndroidManifest.xml:28:9-30:40
65            android:name="com.appzoneinfo.vip.MainActivity"
65-->src\main\AndroidManifest.xml:29:13-60
66            android:exported="false" />
66-->src\main\AndroidManifest.xml:30:13-37
67        <activity
67-->src\main\AndroidManifest.xml:31:9-33:40
68            android:name="com.appzoneinfo.vip.AdsCode.ExitScreen"
68-->src\main\AndroidManifest.xml:32:13-66
69            android:exported="false" />
69-->src\main\AndroidManifest.xml:33:13-37
70        <activity
70-->src\main\AndroidManifest.xml:34:9-41:20
71            android:name="com.appzoneinfo.vip.AdsCode.SplashActivity"
71-->src\main\AndroidManifest.xml:35:13-70
72            android:exported="true" >
72-->src\main\AndroidManifest.xml:36:13-36
73            <intent-filter>
73-->src\main\AndroidManifest.xml:37:13-40:29
74                <action android:name="android.intent.action.MAIN" />
74-->src\main\AndroidManifest.xml:38:17-69
74-->src\main\AndroidManifest.xml:38:25-66
75
76                <category android:name="android.intent.category.LAUNCHER" />
76-->src\main\AndroidManifest.xml:39:17-77
76-->src\main\AndroidManifest.xml:39:27-74
77            </intent-filter>
78        </activity>
79        <activity android:name="com.appzone.mylibrarys.UpdateAppActivity" />
79-->[:mylibrarys] AndroidManifest.xml:18:9-77
79-->[:mylibrarys] AndroidManifest.xml:18:19-74
80        <activity android:name="com.appzone.mylibrarys.SplashHelp" />
80-->[:mylibrarys] AndroidManifest.xml:19:9-70
80-->[:mylibrarys] AndroidManifest.xml:19:19-67
81        <activity android:name="com.appzone.mylibrarys.CustomAdsInterActivity" />
81-->[:mylibrarys] AndroidManifest.xml:20:9-82
81-->[:mylibrarys] AndroidManifest.xml:20:19-79
82
83        <meta-data
83-->[:mylibrarys] AndroidManifest.xml:22:9-24:36
84            android:name="com.google.android.gms.ads.AD_MANAGER_APP"
84-->[:mylibrarys] AndroidManifest.xml:23:13-69
85            android:value="true" />
85-->[:mylibrarys] AndroidManifest.xml:24:13-33
86        <meta-data
86-->[:mylibrarys] AndroidManifest.xml:25:9-27:118
87            android:name="applovin.sdk.key"
87-->[:mylibrarys] AndroidManifest.xml:26:13-44
88            android:value="k5Sz10KaUibR939alqA1zPlTrXqQRlCyC6L_yIcr9Hhbl1y004whkL4rJ4ZSbdwH1Lu748pawbdo5N_p2fXJFf" />
88-->[:mylibrarys] AndroidManifest.xml:27:13-115
89        <meta-data
89-->[:mylibrarys] AndroidManifest.xml:28:9-30:36
90            android:name="applovin.sdk.verbose_logging"
90-->[:mylibrarys] AndroidManifest.xml:29:13-56
91            android:value="true" />
91-->[:mylibrarys] AndroidManifest.xml:30:13-33
92        <meta-data
92-->[com.github.AnchorFreePartner.hydra-sdk-android:hydra:4.0.0] AndroidManifest.xml:10:9-12:56
93            android:name="unified.sdk.config.vpn.hydra"
93-->[com.github.AnchorFreePartner.hydra-sdk-android:hydra:4.0.0] AndroidManifest.xml:11:13-56
94            android:resource="@raw/hydra_vpn_config" />
94-->[com.github.AnchorFreePartner.hydra-sdk-android:hydra:4.0.0] AndroidManifest.xml:12:13-53
95
96        <provider
96-->[com.github.AnchorFreePartner.hydra-sdk-android:hydra:4.0.0] AndroidManifest.xml:14:9-18:37
97            android:name="unified.vpn.sdk.HydraTransportInitProvider"
97-->[com.github.AnchorFreePartner.hydra-sdk-android:hydra:4.0.0] AndroidManifest.xml:15:13-70
98            android:authorities="com.appzoneinfo.vip.sdk.transport.hydra"
98-->[com.github.AnchorFreePartner.hydra-sdk-android:hydra:4.0.0] AndroidManifest.xml:16:13-71
99            android:exported="false"
99-->[com.github.AnchorFreePartner.hydra-sdk-android:hydra:4.0.0] AndroidManifest.xml:17:13-37
100            android:initOrder="1" />
100-->[com.github.AnchorFreePartner.hydra-sdk-android:hydra:4.0.0] AndroidManifest.xml:18:13-34
101
102        <meta-data
102-->[com.github.AnchorFreePartner.hydra-sdk-android:openvpn:4.0.0] AndroidManifest.xml:10:9-12:58
103            android:name="unified.sdk.config.vpn.openvpn"
103-->[com.github.AnchorFreePartner.hydra-sdk-android:openvpn:4.0.0] AndroidManifest.xml:11:13-58
104            android:resource="@raw/openvpn_vpn_config" />
104-->[com.github.AnchorFreePartner.hydra-sdk-android:openvpn:4.0.0] AndroidManifest.xml:12:13-55
105
106        <provider
106-->[com.github.AnchorFreePartner.hydra-sdk-android:sdk-core:4.0.0] AndroidManifest.xml:18:9-22:37
107            android:name="unified.vpn.sdk.DBProvider"
107-->[com.github.AnchorFreePartner.hydra-sdk-android:sdk-core:4.0.0] AndroidManifest.xml:19:13-54
108            android:authorities="com.appzoneinfo.vip.hydra.sdk.db.provider"
108-->[com.github.AnchorFreePartner.hydra-sdk-android:sdk-core:4.0.0] AndroidManifest.xml:20:13-73
109            android:exported="false"
109-->[com.github.AnchorFreePartner.hydra-sdk-android:sdk-core:4.0.0] AndroidManifest.xml:21:13-37
110            android:initOrder="1" />
110-->[com.github.AnchorFreePartner.hydra-sdk-android:sdk-core:4.0.0] AndroidManifest.xml:22:13-34
111        <provider
111-->[com.github.AnchorFreePartner.hydra-sdk-android:sdk-core:4.0.0] AndroidManifest.xml:23:9-27:39
112            android:name="unified.vpn.sdk.UnifiedSdkInitProviderMain"
112-->[com.github.AnchorFreePartner.hydra-sdk-android:sdk-core:4.0.0] AndroidManifest.xml:24:13-70
113            android:authorities="com.appzoneinfo.vip.anchorfree.sdk.init.provider"
113-->[com.github.AnchorFreePartner.hydra-sdk-android:sdk-core:4.0.0] AndroidManifest.xml:25:13-80
114            android:exported="false"
114-->[com.github.AnchorFreePartner.hydra-sdk-android:sdk-core:4.0.0] AndroidManifest.xml:26:13-37
115            android:initOrder="100" />
115-->[com.github.AnchorFreePartner.hydra-sdk-android:sdk-core:4.0.0] AndroidManifest.xml:27:13-36
116        <provider
116-->[com.github.AnchorFreePartner.hydra-sdk-android:sdk-core:4.0.0] AndroidManifest.xml:28:9-33:58
117            android:name="unified.vpn.sdk.UnifiedSdkInitProviderVpn"
117-->[com.github.AnchorFreePartner.hydra-sdk-android:sdk-core:4.0.0] AndroidManifest.xml:29:13-69
118            android:authorities="com.appzoneinfo.vip.anchorfree.sdk.init.provider.vpn"
118-->[com.github.AnchorFreePartner.hydra-sdk-android:sdk-core:4.0.0] AndroidManifest.xml:30:13-84
119            android:exported="false"
119-->[com.github.AnchorFreePartner.hydra-sdk-android:sdk-core:4.0.0] AndroidManifest.xml:31:13-37
120            android:initOrder="100"
120-->[com.github.AnchorFreePartner.hydra-sdk-android:sdk-core:4.0.0] AndroidManifest.xml:32:13-36
121            android:process="@string/vpn_process_name" />
121-->[com.github.AnchorFreePartner.hydra-sdk-android:sdk-core:4.0.0] AndroidManifest.xml:33:13-55
122
123        <meta-data
123-->[com.github.AnchorFreePartner.hydra-sdk-android:sdk-core:4.0.0] AndroidManifest.xml:35:9-37:62
124            android:name="com.anchorfree.sdk.daemons"
124-->[com.github.AnchorFreePartner.hydra-sdk-android:sdk-core:4.0.0] AndroidManifest.xml:36:13-54
125            android:resource="@raw/unified_daemons_config" />
125-->[com.github.AnchorFreePartner.hydra-sdk-android:sdk-core:4.0.0] AndroidManifest.xml:37:13-59
126        <meta-data
126-->[com.github.AnchorFreePartner.hydra-sdk-android:sdk-analytics:4.0.0] AndroidManifest.xml:11:9-14:48
127            android:name="com.anchorfree.sdk.tracker.config"
127-->[com.github.AnchorFreePartner.hydra-sdk-android:sdk-analytics:4.0.0] AndroidManifest.xml:12:13-61
128            android:resource="@raw/sdk_tracker_config" />
128-->[com.github.AnchorFreePartner.hydra-sdk-android:sdk-analytics:4.0.0] AndroidManifest.xml:13:13-55
129        <meta-data
129-->[com.github.AnchorFreePartner.hydra-sdk-android:sdk-reconnection:4.0.0] AndroidManifest.xml:10:9-12:55
130            android:name="unified.sdk.config.vpn"
130-->[com.github.AnchorFreePartner.hydra-sdk-android:sdk-reconnection:4.0.0] AndroidManifest.xml:11:13-50
131            android:resource="@raw/core_vpn_config" />
131-->[com.github.AnchorFreePartner.hydra-sdk-android:sdk-reconnection:4.0.0] AndroidManifest.xml:12:13-52
132
133        <provider
133-->[com.github.AnchorFreePartner.hydra-sdk-android:ucr-analytics:4.0.0] AndroidManifest.xml:13:9-19:20
134            android:name="unified.vpn.sdk.UcrContentProvider"
134-->[com.github.AnchorFreePartner.hydra-sdk-android:ucr-analytics:4.0.0] AndroidManifest.xml:14:13-62
135            android:authorities="com.appzoneinfo.vip.ucr.provider"
135-->[com.github.AnchorFreePartner.hydra-sdk-android:ucr-analytics:4.0.0] AndroidManifest.xml:15:13-64
136            android:enabled="true"
136-->[com.github.AnchorFreePartner.hydra-sdk-android:ucr-analytics:4.0.0] AndroidManifest.xml:16:13-35
137            android:exported="false"
137-->[com.github.AnchorFreePartner.hydra-sdk-android:ucr-analytics:4.0.0] AndroidManifest.xml:17:13-37
138            android:multiprocess="false" >
138-->[com.github.AnchorFreePartner.hydra-sdk-android:ucr-analytics:4.0.0] AndroidManifest.xml:18:13-41
139        </provider>
140
141        <service
141-->[com.github.AnchorFreePartner.hydra-sdk-android:daemon:4.0.0] AndroidManifest.xml:10:9-13:58
142            android:name="unified.vpn.sdk.DaemonsService"
142-->[com.github.AnchorFreePartner.hydra-sdk-android:daemon:4.0.0] AndroidManifest.xml:11:13-58
143            android:exported="false"
143-->[com.github.AnchorFreePartner.hydra-sdk-android:daemon:4.0.0] AndroidManifest.xml:12:13-37
144            android:process="@string/vpn_process_name" />
144-->[com.github.AnchorFreePartner.hydra-sdk-android:daemon:4.0.0] AndroidManifest.xml:13:13-55
145        <service
145-->[com.github.AnchorFree.hydra-vpn-android:hydratransport:d8dd1f8] AndroidManifest.xml:10:9-14:19
146            android:name="unified.vpn.sdk.HydraProxyService"
146-->[com.github.AnchorFree.hydra-vpn-android:hydratransport:d8dd1f8] AndroidManifest.xml:11:13-61
147            android:exported="false"
147-->[com.github.AnchorFree.hydra-vpn-android:hydratransport:d8dd1f8] AndroidManifest.xml:12:13-37
148            android:permission="android.permission.BIND_VPN_SERVICE" >
148-->[com.github.AnchorFree.hydra-vpn-android:hydratransport:d8dd1f8] AndroidManifest.xml:13:13-69
149        </service>
150
151        <activity
151-->[com.github.AnchorFree.hydra-vpn-android:service:d8dd1f8] AndroidManifest.xml:12:9-17:75
152            android:name="unified.vpn.sdk.StartVPNServiceShadowActivity"
152-->[com.github.AnchorFree.hydra-vpn-android:service:d8dd1f8] AndroidManifest.xml:13:13-73
153            android:exported="false"
153-->[com.github.AnchorFree.hydra-vpn-android:service:d8dd1f8] AndroidManifest.xml:14:13-37
154            android:launchMode="singleTask"
154-->[com.github.AnchorFree.hydra-vpn-android:service:d8dd1f8] AndroidManifest.xml:15:13-44
155            android:process="@string/vpn_process_name"
155-->[com.github.AnchorFree.hydra-vpn-android:service:d8dd1f8] AndroidManifest.xml:16:13-55
156            android:theme="@android:style/Theme.Translucent.NoTitleBar" />
156-->[com.github.AnchorFree.hydra-vpn-android:service:d8dd1f8] AndroidManifest.xml:17:13-72
157
158        <service
158-->[com.github.AnchorFree.hydra-vpn-android:service:d8dd1f8] AndroidManifest.xml:19:9-28:19
159            android:name="unified.vpn.sdk.AFVpnService"
159-->[com.github.AnchorFree.hydra-vpn-android:service:d8dd1f8] AndroidManifest.xml:20:13-56
160            android:enabled="@bool/vpn_process_enabled"
160-->[com.github.AnchorFree.hydra-vpn-android:service:d8dd1f8] AndroidManifest.xml:21:13-56
161            android:exported="false"
161-->[com.github.AnchorFree.hydra-vpn-android:service:d8dd1f8] AndroidManifest.xml:22:13-37
162            android:permission="android.permission.BIND_VPN_SERVICE"
162-->[com.github.AnchorFree.hydra-vpn-android:service:d8dd1f8] AndroidManifest.xml:23:13-69
163            android:process="@string/vpn_process_name" >
163-->[com.github.AnchorFree.hydra-vpn-android:service:d8dd1f8] AndroidManifest.xml:24:13-55
164            <intent-filter>
164-->[com.github.AnchorFree.hydra-vpn-android:service:d8dd1f8] AndroidManifest.xml:25:13-27:29
165                <action android:name="android.net.VpnService" />
165-->[com.github.AnchorFree.hydra-vpn-android:service:d8dd1f8] AndroidManifest.xml:26:17-65
165-->[com.github.AnchorFree.hydra-vpn-android:service:d8dd1f8] AndroidManifest.xml:26:25-62
166            </intent-filter>
167        </service>
168
169        <provider
169-->[com.github.AnchorFree.hydra-vpn-android:service-config:d8dd1f8] AndroidManifest.xml:10:9-13:40
170            android:name="unified.vpn.sdk.VpnConfigProvider"
170-->[com.github.AnchorFree.hydra-vpn-android:service-config:d8dd1f8] AndroidManifest.xml:11:13-61
171            android:authorities="com.appzoneinfo.vip.vpn_config"
171-->[com.github.AnchorFree.hydra-vpn-android:service-config:d8dd1f8] AndroidManifest.xml:12:13-62
172            android:exported="false" />
172-->[com.github.AnchorFree.hydra-vpn-android:service-config:d8dd1f8] AndroidManifest.xml:13:13-37
173        <provider
173-->[com.github.AnchorFree.hydra-vpn-android:credentials:d8dd1f8] AndroidManifest.xml:10:9-13:40
174            android:name="unified.vpn.sdk.CredentialsContentProvider"
174-->[com.github.AnchorFree.hydra-vpn-android:credentials:d8dd1f8] AndroidManifest.xml:11:13-70
175            android:authorities="com.appzoneinfo.vip.credentials"
175-->[com.github.AnchorFree.hydra-vpn-android:credentials:d8dd1f8] AndroidManifest.xml:12:13-63
176            android:exported="false" />
176-->[com.github.AnchorFree.hydra-vpn-android:credentials:d8dd1f8] AndroidManifest.xml:13:13-37
177
178        <activity
178-->[com.facebook.android:audience-network-sdk:6.11.0] AndroidManifest.xml:19:9-23:75
179            android:name="com.facebook.ads.AudienceNetworkActivity"
179-->[com.facebook.android:audience-network-sdk:6.11.0] AndroidManifest.xml:20:13-68
180            android:configChanges="keyboardHidden|orientation|screenSize"
180-->[com.facebook.android:audience-network-sdk:6.11.0] AndroidManifest.xml:21:13-74
181            android:exported="false"
181-->[com.facebook.android:audience-network-sdk:6.11.0] AndroidManifest.xml:22:13-37
182            android:theme="@android:style/Theme.Translucent.NoTitleBar" />
182-->[com.facebook.android:audience-network-sdk:6.11.0] AndroidManifest.xml:23:13-72
183
184        <provider
184-->[com.facebook.android:audience-network-sdk:6.11.0] AndroidManifest.xml:25:9-28:40
185            android:name="com.facebook.ads.AudienceNetworkContentProvider"
185-->[com.facebook.android:audience-network-sdk:6.11.0] AndroidManifest.xml:26:13-75
186            android:authorities="com.appzoneinfo.vip.AudienceNetworkContentProvider"
186-->[com.facebook.android:audience-network-sdk:6.11.0] AndroidManifest.xml:27:13-82
187            android:exported="false" /> <!-- Include the AdActivity and InAppPurchaseActivity configChanges and themes. -->
187-->[com.facebook.android:audience-network-sdk:6.11.0] AndroidManifest.xml:28:13-37
188        <activity
188-->[com.google.android.gms:play-services-ads-lite:21.3.0] AndroidManifest.xml:49:9-53:64
189            android:name="com.google.android.gms.ads.AdActivity"
189-->[com.google.android.gms:play-services-ads-lite:21.3.0] AndroidManifest.xml:50:13-65
190            android:configChanges="keyboard|keyboardHidden|orientation|screenLayout|uiMode|screenSize|smallestScreenSize"
190-->[com.google.android.gms:play-services-ads-lite:21.3.0] AndroidManifest.xml:51:13-122
191            android:exported="false"
191-->[com.google.android.gms:play-services-ads-lite:21.3.0] AndroidManifest.xml:52:13-37
192            android:theme="@android:style/Theme.Translucent" />
192-->[com.google.android.gms:play-services-ads-lite:21.3.0] AndroidManifest.xml:53:13-61
193
194        <provider
194-->[com.google.android.gms:play-services-ads-lite:21.3.0] AndroidManifest.xml:55:9-59:39
195            android:name="com.google.android.gms.ads.MobileAdsInitProvider"
195-->[com.google.android.gms:play-services-ads-lite:21.3.0] AndroidManifest.xml:56:13-76
196            android:authorities="com.appzoneinfo.vip.mobileadsinitprovider"
196-->[com.google.android.gms:play-services-ads-lite:21.3.0] AndroidManifest.xml:57:13-73
197            android:exported="false"
197-->[com.google.android.gms:play-services-ads-lite:21.3.0] AndroidManifest.xml:58:13-37
198            android:initOrder="100" />
198-->[com.google.android.gms:play-services-ads-lite:21.3.0] AndroidManifest.xml:59:13-36
199
200        <service
200-->[com.google.android.gms:play-services-ads-lite:21.3.0] AndroidManifest.xml:61:9-64:40
201            android:name="com.google.android.gms.ads.AdService"
201-->[com.google.android.gms:play-services-ads-lite:21.3.0] AndroidManifest.xml:62:13-64
202            android:enabled="true"
202-->[com.google.android.gms:play-services-ads-lite:21.3.0] AndroidManifest.xml:63:13-35
203            android:exported="false" />
203-->[com.google.android.gms:play-services-ads-lite:21.3.0] AndroidManifest.xml:64:13-37
204
205        <activity
205-->[com.google.android.gms:play-services-base:18.0.0] AndroidManifest.xml:20:9-22:45
206            android:name="com.google.android.gms.common.api.GoogleApiActivity"
206-->[com.google.android.gms:play-services-base:18.0.0] AndroidManifest.xml:20:19-85
207            android:exported="false"
207-->[com.google.android.gms:play-services-base:18.0.0] AndroidManifest.xml:22:19-43
208            android:theme="@android:style/Theme.Translucent.NoTitleBar" />
208-->[com.google.android.gms:play-services-base:18.0.0] AndroidManifest.xml:21:19-78
209
210        <meta-data
210-->[com.google.android.gms:play-services-basement:18.0.0] AndroidManifest.xml:21:9-23:69
211            android:name="com.google.android.gms.version"
211-->[com.google.android.gms:play-services-basement:18.0.0] AndroidManifest.xml:22:13-58
212            android:value="@integer/google_play_services_version" />
212-->[com.google.android.gms:play-services-basement:18.0.0] AndroidManifest.xml:23:13-66
213
214        <provider
214-->[androidx.emoji2:emoji2:1.0.0] AndroidManifest.xml:26:9-34:20
215            android:name="androidx.startup.InitializationProvider"
215-->[androidx.emoji2:emoji2:1.0.0] AndroidManifest.xml:27:13-67
216            android:authorities="com.appzoneinfo.vip.androidx-startup"
216-->[androidx.emoji2:emoji2:1.0.0] AndroidManifest.xml:28:13-68
217            android:exported="false" >
217-->[androidx.emoji2:emoji2:1.0.0] AndroidManifest.xml:29:13-37
218            <meta-data
218-->[androidx.emoji2:emoji2:1.0.0] AndroidManifest.xml:31:13-33:52
219                android:name="androidx.emoji2.text.EmojiCompatInitializer"
219-->[androidx.emoji2:emoji2:1.0.0] AndroidManifest.xml:32:17-75
220                android:value="androidx.startup" />
220-->[androidx.emoji2:emoji2:1.0.0] AndroidManifest.xml:33:17-49
221            <meta-data
221-->[androidx.work:work-runtime:2.8.0-alpha02] AndroidManifest.xml:36:13-38:52
222                android:name="androidx.work.WorkManagerInitializer"
222-->[androidx.work:work-runtime:2.8.0-alpha02] AndroidManifest.xml:37:17-68
223                android:value="androidx.startup" />
223-->[androidx.work:work-runtime:2.8.0-alpha02] AndroidManifest.xml:38:17-49
224            <meta-data
224-->[androidx.lifecycle:lifecycle-process:2.4.0] AndroidManifest.xml:31:13-33:52
225                android:name="androidx.lifecycle.ProcessLifecycleInitializer"
225-->[androidx.lifecycle:lifecycle-process:2.4.0] AndroidManifest.xml:32:17-78
226                android:value="androidx.startup" />
226-->[androidx.lifecycle:lifecycle-process:2.4.0] AndroidManifest.xml:33:17-49
227        </provider>
228
229        <service
229-->[androidx.work:work-runtime:2.8.0-alpha02] AndroidManifest.xml:41:9-47:35
230            android:name="androidx.work.impl.background.systemalarm.SystemAlarmService"
230-->[androidx.work:work-runtime:2.8.0-alpha02] AndroidManifest.xml:42:13-88
231            android:directBootAware="false"
231-->[androidx.work:work-runtime:2.8.0-alpha02] AndroidManifest.xml:43:13-44
232            android:enabled="@bool/enable_system_alarm_service_default"
232-->[androidx.work:work-runtime:2.8.0-alpha02] AndroidManifest.xml:44:13-72
233            android:exported="false" />
233-->[androidx.work:work-runtime:2.8.0-alpha02] AndroidManifest.xml:45:13-37
234        <service
234-->[androidx.work:work-runtime:2.8.0-alpha02] AndroidManifest.xml:48:9-54:35
235            android:name="androidx.work.impl.background.systemjob.SystemJobService"
235-->[androidx.work:work-runtime:2.8.0-alpha02] AndroidManifest.xml:49:13-84
236            android:directBootAware="false"
236-->[androidx.work:work-runtime:2.8.0-alpha02] AndroidManifest.xml:50:13-44
237            android:enabled="@bool/enable_system_job_service_default"
237-->[androidx.work:work-runtime:2.8.0-alpha02] AndroidManifest.xml:51:13-70
238            android:exported="true"
238-->[androidx.work:work-runtime:2.8.0-alpha02] AndroidManifest.xml:52:13-36
239            android:permission="android.permission.BIND_JOB_SERVICE" />
239-->[androidx.work:work-runtime:2.8.0-alpha02] AndroidManifest.xml:53:13-69
240        <service
240-->[androidx.work:work-runtime:2.8.0-alpha02] AndroidManifest.xml:55:9-61:35
241            android:name="androidx.work.impl.foreground.SystemForegroundService"
241-->[androidx.work:work-runtime:2.8.0-alpha02] AndroidManifest.xml:56:13-81
242            android:directBootAware="false"
242-->[androidx.work:work-runtime:2.8.0-alpha02] AndroidManifest.xml:57:13-44
243            android:enabled="@bool/enable_system_foreground_service_default"
243-->[androidx.work:work-runtime:2.8.0-alpha02] AndroidManifest.xml:58:13-77
244            android:exported="false" />
244-->[androidx.work:work-runtime:2.8.0-alpha02] AndroidManifest.xml:59:13-37
245
246        <receiver
246-->[androidx.work:work-runtime:2.8.0-alpha02] AndroidManifest.xml:63:9-68:35
247            android:name="androidx.work.impl.utils.ForceStopRunnable$BroadcastReceiver"
247-->[androidx.work:work-runtime:2.8.0-alpha02] AndroidManifest.xml:64:13-88
248            android:directBootAware="false"
248-->[androidx.work:work-runtime:2.8.0-alpha02] AndroidManifest.xml:65:13-44
249            android:enabled="true"
249-->[androidx.work:work-runtime:2.8.0-alpha02] AndroidManifest.xml:66:13-35
250            android:exported="false" />
250-->[androidx.work:work-runtime:2.8.0-alpha02] AndroidManifest.xml:67:13-37
251        <receiver
251-->[androidx.work:work-runtime:2.8.0-alpha02] AndroidManifest.xml:69:9-79:20
252            android:name="androidx.work.impl.background.systemalarm.ConstraintProxy$BatteryChargingProxy"
252-->[androidx.work:work-runtime:2.8.0-alpha02] AndroidManifest.xml:70:13-106
253            android:directBootAware="false"
253-->[androidx.work:work-runtime:2.8.0-alpha02] AndroidManifest.xml:71:13-44
254            android:enabled="false"
254-->[androidx.work:work-runtime:2.8.0-alpha02] AndroidManifest.xml:72:13-36
255            android:exported="false" >
255-->[androidx.work:work-runtime:2.8.0-alpha02] AndroidManifest.xml:73:13-37
256            <intent-filter>
256-->[androidx.work:work-runtime:2.8.0-alpha02] AndroidManifest.xml:75:13-78:29